2022-2022-07 00:00 [INFO][SpringApplicationShutdownHook][o.s.o.j.LocalContainerEntityManagerFactoryBean:651] Closing JPA EntityManagerFactory for persistence unit 'default'
2022-2022-07 00:00 [INFO][SpringApplicationShutdownHook][c.z.h.HikariDataSource:350] HikariPool-1 - Shutdown initiated...
2022-2022-07 00:00 [INFO][SpringApplicationShutdownHook][c.z.h.HikariDataSource:352] HikariPool-1 - Shutdown completed.
2022-2022-07 00:00 [INFO][restartedMain][c.e.e.EmployeePayrollAppApplication:55] Starting EmployeePayrollAppApplication using Java 16.0.2 on DESKTOP-GQ26U1A with PID 13912 (D:\CFP\EmployeePayrollApp\target\classes started by Admin in D:\CFP\EmployeePayrollApp)
2022-2022-07 00:00 [INFO][restartedMain][c.e.e.EmployeePayrollAppApplication:634] No active profile set, falling back to 1 default profile: "default"
2022-2022-07 00:00 [INFO][restartedMain][o.s.b.d.e.DevToolsPropertyDefaultsPostProcessor:255] Devtools property defaults active! Set 'spring.devtools.add-properties' to 'false' to disable
2022-2022-07 00:00 [INFO][restartedMain][o.s.b.d.e.DevToolsPropertyDefaultsPostProcessor:255] For additional web related logging consider setting the 'logging.level.web' property to 'DEBUG'
2022-2022-07 00:00 [INFO][restartedMain][o.s.d.r.c.RepositoryConfigurationDelegate:132] Bootstrapping Spring Data JPA repositories in DEFAULT mode.
2022-2022-07 00:00 [INFO][restartedMain][o.s.d.r.c.RepositoryConfigurationDelegate:201] Finished Spring Data repository scanning in 24 ms. Found 1 JPA repository interfaces.
2022-2022-07 00:00 [INFO][restartedMain][o.s.b.w.e.t.TomcatWebServer:108] Tomcat initialized with port(s): 8080 (http)
2022-2022-07 00:00 [INFO][restartedMain][o.a.c.c.StandardService:173] Starting service [Tomcat]
2022-2022-07 00:00 [INFO][restartedMain][o.a.c.c.StandardEngine:173] Starting Servlet engine: [Apache Tomcat/9.0.64]
2022-2022-07 00:00 [INFO][restartedMain][o.a.c.c.C.[.[.[/]:173] Initializing Spring embedded WebApplicationContext
2022-2022-07 00:00 [INFO][restartedMain][o.s.b.w.s.c.ServletWebServerApplicationContext:292] Root WebApplicationContext: initialization completed in 1043 ms
2022-2022-07 00:00 [INFO][restartedMain][o.h.j.i.u.LogHelper:31] HHH000204: Processing PersistenceUnitInfo [name: default]
2022-2022-07 00:00 [INFO][restartedMain][o.h.Version:44] HHH000412: Hibernate ORM core version 5.6.9.Final
2022-2022-07 00:00 [INFO][restartedMain][o.h.a.c.Version:56] HCANN000001: Hibernate Commons Annotations {5.1.2.Final}
2022-2022-07 00:00 [INFO][restartedMain][c.z.h.HikariDataSource:110] HikariPool-1 - Starting...
2022-2022-07 00:00 [INFO][restartedMain][c.z.h.HikariDataSource:123] HikariPool-1 - Start completed.
2022-2022-07 00:00 [INFO][restartedMain][o.h.d.Dialect:175] HHH000400: Using dialect: org.hibernate.dialect.MySQL8Dialect
2022-2022-07 00:00 [INFO][restartedMain][o.h.e.t.j.p.i.JtaPlatformInitiator:52] HHH000490: Using JtaPlatform implementation: [org.hibernate.engine.transaction.jta.platform.internal.NoJtaPlatform]
2022-2022-07 00:00 [INFO][restartedMain][o.s.o.j.LocalContainerEntityManagerFactoryBean:437] Initialized JPA EntityManagerFactory for persistence unit 'default'
2022-2022-07 00:00 [WARN][restartedMain][o.s.b.a.o.j.JpaBaseConfiguration$JpaWebConfiguration:219] spring.jpa.open-in-view is enabled by default. Therefore, database queries may be performed during view rendering. Explicitly configure spring.jpa.open-in-view to disable this warning
2022-2022-07 00:00 [WARN][restartedMain][o.s.b.w.s.c.AnnotationConfigServletWebServerApplicationContext:591] Exception encountered during context initialization - cancelling refresh attempt: org.springframework.beans.factory.BeanCreationException: Error creating bean with name 'requestMappingHandlerMapping' defined in class path resource [org/springframework/boot/autoconfigure/web/servlet/WebMvcAutoConfiguration$EnableWebMvcConfiguration.class]: Invocation of init method failed; nested exception is java.lang.IllegalStateException: Invalid mapping on handler class [com.example.employeepayrollapp.controller.EmployeeController]: public org.springframework.http.ResponseEntity com.example.employeepayrollapp.controller.EmployeeController.deleteEmployeePayrollData(int)
2022-2022-07 00:00 [INFO][restartedMain][o.s.o.j.LocalContainerEntityManagerFactoryBean:651] Closing JPA EntityManagerFactory for persistence unit 'default'
2022-2022-07 00:00 [INFO][restartedMain][c.z.h.HikariDataSource:350] HikariPool-1 - Shutdown initiated...
2022-2022-07 00:00 [INFO][restartedMain][c.z.h.HikariDataSource:352] HikariPool-1 - Shutdown completed.
2022-2022-07 00:00 [INFO][restartedMain][o.a.c.c.StandardService:173] Stopping service [Tomcat]
2022-2022-07 00:00 [INFO][restartedMain][o.s.b.a.l.ConditionEvaluationReportLoggingListener:136] 

Error starting ApplicationContext. To display the conditions report re-run your application with 'debug' enabled.
2022-2022-07 00:00 [ERROR][restartedMain][o.s.b.d.LoggingFailureAnalysisReporter:40] 

***************************
APPLICATION FAILED TO START
***************************

Description:

Invalid mapping pattern detected: /delete/{empId)
              ^
Char ')' is not allowed in a captured variable name

Action:

Fix this pattern in your application or switch to the legacy parser implementation with 'spring.mvc.pathmatch.matching-strategy=ant_path_matcher'.

2022-2022-07 00:00 [INFO][restartedMain][c.e.e.EmployeePayrollAppApplication:55] Starting EmployeePayrollAppApplication using Java 16.0.2 on DESKTOP-GQ26U1A with PID 8160 (D:\CFP\EmployeePayrollApp\target\classes started by Admin in D:\CFP\EmployeePayrollApp)
2022-2022-07 00:00 [INFO][restartedMain][c.e.e.EmployeePayrollAppApplication:634] No active profile set, falling back to 1 default profile: "default"
2022-2022-07 00:00 [INFO][restartedMain][o.s.b.d.e.DevToolsPropertyDefaultsPostProcessor:255] Devtools property defaults active! Set 'spring.devtools.add-properties' to 'false' to disable
2022-2022-07 00:00 [INFO][restartedMain][o.s.b.d.e.DevToolsPropertyDefaultsPostProcessor:255] For additional web related logging consider setting the 'logging.level.web' property to 'DEBUG'
2022-2022-07 00:00 [INFO][restartedMain][o.s.d.r.c.RepositoryConfigurationDelegate:132] Bootstrapping Spring Data JPA repositories in DEFAULT mode.
2022-2022-07 00:00 [INFO][restartedMain][o.s.d.r.c.RepositoryConfigurationDelegate:201] Finished Spring Data repository scanning in 26 ms. Found 1 JPA repository interfaces.
2022-2022-07 00:00 [INFO][restartedMain][o.s.b.w.e.t.TomcatWebServer:108] Tomcat initialized with port(s): 8080 (http)
2022-2022-07 00:00 [INFO][restartedMain][o.a.c.c.StandardService:173] Starting service [Tomcat]
2022-2022-07 00:00 [INFO][restartedMain][o.a.c.c.StandardEngine:173] Starting Servlet engine: [Apache Tomcat/9.0.64]
2022-2022-07 00:00 [INFO][restartedMain][o.a.c.c.C.[.[.[/]:173] Initializing Spring embedded WebApplicationContext
2022-2022-07 00:00 [INFO][restartedMain][o.s.b.w.s.c.ServletWebServerApplicationContext:292] Root WebApplicationContext: initialization completed in 983 ms
2022-2022-07 00:00 [INFO][restartedMain][o.h.j.i.u.LogHelper:31] HHH000204: Processing PersistenceUnitInfo [name: default]
2022-2022-07 00:00 [INFO][restartedMain][o.h.Version:44] HHH000412: Hibernate ORM core version 5.6.9.Final
2022-2022-07 00:00 [INFO][restartedMain][o.h.a.c.Version:56] HCANN000001: Hibernate Commons Annotations {5.1.2.Final}
2022-2022-07 00:00 [INFO][restartedMain][c.z.h.HikariDataSource:110] HikariPool-1 - Starting...
2022-2022-07 00:00 [INFO][restartedMain][c.z.h.HikariDataSource:123] HikariPool-1 - Start completed.
2022-2022-07 00:00 [INFO][restartedMain][o.h.d.Dialect:175] HHH000400: Using dialect: org.hibernate.dialect.MySQL8Dialect
2022-2022-07 00:00 [INFO][restartedMain][o.h.e.t.j.p.i.JtaPlatformInitiator:52] HHH000490: Using JtaPlatform implementation: [org.hibernate.engine.transaction.jta.platform.internal.NoJtaPlatform]
2022-2022-07 00:00 [INFO][restartedMain][o.s.o.j.LocalContainerEntityManagerFactoryBean:437] Initialized JPA EntityManagerFactory for persistence unit 'default'
2022-2022-07 00:00 [WARN][restartedMain][o.s.b.a.o.j.JpaBaseConfiguration$JpaWebConfiguration:219] spring.jpa.open-in-view is enabled by default. Therefore, database queries may be performed during view rendering. Explicitly configure spring.jpa.open-in-view to disable this warning
2022-2022-07 00:00 [INFO][restartedMain][o.s.b.d.a.OptionalLiveReloadServer:58] LiveReload server is running on port 35729
2022-2022-07 00:00 [INFO][restartedMain][o.s.b.w.e.t.TomcatWebServer:220] Tomcat started on port(s): 8080 (http) with context path ''
2022-2022-07 00:00 [INFO][restartedMain][c.e.e.EmployeePayrollAppApplication:61] Started EmployeePayrollAppApplication in 2.604 seconds (JVM running for 3.113)
2022-2022-07 00:00 [INFO][http-nio-8080-exec-2][o.a.c.c.C.[.[.[/]:173] Initializing Spring DispatcherServlet 'dispatcherServlet'
2022-2022-07 00:00 [INFO][http-nio-8080-exec-2][o.s.w.s.DispatcherServlet:525] Initializing Servlet 'dispatcherServlet'
2022-2022-07 00:00 [INFO][http-nio-8080-exec-2][o.s.w.s.DispatcherServlet:547] Completed initialization in 1 ms
